<?xml version="1.0" encoding="UTF-8"?>
<!-- Generated by org.testng.reporters.JUnitReportReporter -->
<testsuite hostname="DELL-PC" name="testScript.Scenario_Cart" tests="2" failures="0" timestamp="13 Dec 2016 16:21:02 GMT" time="176.450" errors="0">
  <testcase name="hola" time="66.994" classname="testScript.Scenario_Cart"/>
  <testcase name="Add_to_cart" time="109.456" classname="testScript.Scenario_Cart"/>
</testsuite> <!-- testScript.Scenario_Cart -->
